<?xml version="1.0" encoding="UTF-8"?>
<!-- Generated by org.testng.reporters.JUnitReportReporter -->
<testsuite hostname="DESKTOP-RG7P5IS" failures="0" tests="1" name="Fitpeo.test.RevenueCalculatorTest" time="49.153" errors="0" timestamp="2024-08-03T22:41:06 IST" skipped="0">
  <testcase classname="Fitpeo.test.RevenueCalculatorTest" name="fitPeoHomePage" time="49.153"/>
</testsuite> <!-- Fitpeo.test.RevenueCalculatorTest -->
